c:\users\tetcos\desktop\v10.2\wsn localization\32bit\code\zigbee\debug\vc140.pdb
c:\users\tetcos\desktop\v10.2\wsn localization\32bit\code\zigbee\debug\vc140.idb
c:\users\tetcos\desktop\v10.2\wsn localization\32bit\code\zigbee\debug\802_15_4.obj
c:\users\tetcos\desktop\v10.2\wsn localization\32bit\code\zigbee\debug\agentmodel.obj
c:\users\tetcos\desktop\v10.2\wsn localization\32bit\code\zigbee\debug\backoffcalculation.obj
c:\users\tetcos\desktop\v10.2\wsn localization\32bit\code\zigbee\debug\bercalculation.obj
c:\users\tetcos\desktop\v10.2\wsn localization\32bit\code\zigbee\debug\cca.obj
c:\users\tetcos\desktop\v10.2\wsn localization\32bit\code\zigbee\debug\changeradiostate.obj
c:\users\tetcos\desktop\v10.2\wsn localization\32bit\code\zigbee\debug\localisation.obj
c:\users\tetcos\desktop\v10.2\wsn localization\32bit\code\zigbee\debug\locatebackoffboundary.obj
c:\users\tetcos\desktop\v10.2\wsn localization\32bit\code\zigbee\debug\sensor.obj
c:\users\tetcos\desktop\v10.2\wsn localization\32bit\code\zigbee\debug\sinrcalculation.obj
c:\users\tetcos\desktop\v10.2\wsn localization\32bit\code\zigbee\debug\slottedcsmaca.obj
c:\users\tetcos\desktop\v10.2\wsn localization\32bit\code\zigbee\debug\superframe.obj
c:\users\tetcos\desktop\v10.2\wsn localization\32bit\code\zigbee\debug\unslottedcsmaca.obj
c:\users\tetcos\desktop\v10.2\wsn localization\32bit\code\dll\libzigbee.dll
c:\users\tetcos\desktop\v10.2\wsn localization\32bit\code\dll\zigbee.pdb
c:\users\tetcos\desktop\v10.2\wsn localization\32bit\code\dll\zigbee.lib
c:\users\tetcos\desktop\v10.2\wsn localization\32bit\code\dll\zigbee.exp
e:\final_projects_v10.2\wsn localization\32bit\code\zigbee\debug\802_15_4.obj
e:\final_projects_v10.2\wsn localization\32bit\code\zigbee\debug\agentmodel.obj
e:\final_projects_v10.2\wsn localization\32bit\code\zigbee\debug\backoffcalculation.obj
e:\final_projects_v10.2\wsn localization\32bit\code\zigbee\debug\bercalculation.obj
e:\final_projects_v10.2\wsn localization\32bit\code\zigbee\debug\cca.obj
e:\final_projects_v10.2\wsn localization\32bit\code\zigbee\debug\changeradiostate.obj
e:\final_projects_v10.2\wsn localization\32bit\code\zigbee\debug\localisation.obj
e:\final_projects_v10.2\wsn localization\32bit\code\zigbee\debug\locatebackoffboundary.obj
e:\final_projects_v10.2\wsn localization\32bit\code\zigbee\debug\sensor.obj
e:\final_projects_v10.2\wsn localization\32bit\code\zigbee\debug\sinrcalculation.obj
e:\final_projects_v10.2\wsn localization\32bit\code\zigbee\debug\slottedcsmaca.obj
e:\final_projects_v10.2\wsn localization\32bit\code\zigbee\debug\superframe.obj
e:\final_projects_v10.2\wsn localization\32bit\code\zigbee\debug\unslottedcsmaca.obj
e:\final_projects_v10.2\wsn localization\32bit\code\zigbee\debug\vc140.idb
e:\final_projects_v10.2\wsn localization\32bit\code\zigbee\debug\vc140.pdb
e:\final_projects_v10.2\wsn localization\32bit\code\zigbee\debug\zigbee.tlog\cl.command.1.tlog
e:\final_projects_v10.2\wsn localization\32bit\code\zigbee\debug\zigbee.tlog\cl.read.1.tlog
e:\final_projects_v10.2\wsn localization\32bit\code\zigbee\debug\zigbee.tlog\cl.write.1.tlog
e:\final_projects_v10.2\wsn localization\32bit\code\zigbee\debug\zigbee.tlog\link.command.1.tlog
e:\final_projects_v10.2\wsn localization\32bit\code\zigbee\debug\zigbee.tlog\link.read.1.tlog
e:\final_projects_v10.2\wsn localization\32bit\code\zigbee\debug\zigbee.tlog\link.write.1.tlog
e:\final_projects_v10.2\wsn localization\32bit\code\zigbee\debug\zigbee.tlog\zigbee.write.1u.tlog
