c:\users\tetcos\desktop\v10.2\wsn localization\32bit\code\mobility\debug\vc140.pdb
c:\users\tetcos\desktop\v10.2\wsn localization\32bit\code\mobility\debug\vc140.idb
c:\users\tetcos\desktop\v10.2\wsn localization\32bit\code\mobility\debug\filebasedmobility.obj
c:\users\tetcos\desktop\v10.2\wsn localization\32bit\code\mobility\debug\groupmobility.obj
c:\users\tetcos\desktop\v10.2\wsn localization\32bit\code\mobility\debug\mobility.obj
c:\users\tetcos\desktop\v10.2\wsn localization\32bit\code\mobility\debug\nodejoin.obj
c:\users\tetcos\desktop\v10.2\wsn localization\32bit\code\mobility\debug\sumo_interface.obj
c:\users\tetcos\desktop\v10.2\wsn localization\32bit\code\dll\libmobility.dll
c:\users\tetcos\desktop\v10.2\wsn localization\32bit\code\dll\mobility.pdb
c:\users\tetcos\desktop\v10.2\wsn localization\32bit\code\dll\mobility.lib
c:\users\tetcos\desktop\v10.2\wsn localization\32bit\code\dll\mobility.exp
e:\final_projects_v10.2\wsn localization\32bit\code\mobility\debug\filebasedmobility.obj
e:\final_projects_v10.2\wsn localization\32bit\code\mobility\debug\groupmobility.obj
e:\final_projects_v10.2\wsn localization\32bit\code\mobility\debug\mobility.obj
e:\final_projects_v10.2\wsn localization\32bit\code\mobility\debug\nodejoin.obj
e:\final_projects_v10.2\wsn localization\32bit\code\mobility\debug\sumo_interface.obj
e:\final_projects_v10.2\wsn localization\32bit\code\mobility\debug\vc140.idb
e:\final_projects_v10.2\wsn localization\32bit\code\mobility\debug\vc140.pdb
e:\final_projects_v10.2\wsn localization\32bit\code\mobility\debug\mobility.tlog\cl.command.1.tlog
e:\final_projects_v10.2\wsn localization\32bit\code\mobility\debug\mobility.tlog\cl.read.1.tlog
e:\final_projects_v10.2\wsn localization\32bit\code\mobility\debug\mobility.tlog\cl.write.1.tlog
e:\final_projects_v10.2\wsn localization\32bit\code\mobility\debug\mobility.tlog\link.command.1.tlog
e:\final_projects_v10.2\wsn localization\32bit\code\mobility\debug\mobility.tlog\link.read.1.tlog
e:\final_projects_v10.2\wsn localization\32bit\code\mobility\debug\mobility.tlog\link.write.1.tlog
e:\final_projects_v10.2\wsn localization\32bit\code\mobility\debug\mobility.tlog\mobility.write.1u.tlog
