C:\Program Files (x86)\MSBuild\Microsoft.Cpp\v4.0\V140\Microsoft.CppBuild.targets(368,5): warning MSB8004: Output Directory does not end with a trailing slash.  This build instance will add the slash as it is required to allow proper evaluation of the Output Directory.
  UnslottedCSMACA.c
  Superframe.c
  SlottedCSMACA.c
  SINRCalculation.c
  Sensor.c
  LocateBackoffBoundary.c
  Localisation.c
c:\users\tetcos\desktop\v10.2\wsn localization\64bit\code\zigbee\localisation.c(65): warning C4018: '<': signed/unsigned mismatch
c:\users\tetcos\desktop\v10.2\wsn localization\64bit\code\zigbee\localisation.c(99): warning C4018: '<': signed/unsigned mismatch
c:\users\tetcos\desktop\v10.2\wsn localization\64bit\code\zigbee\localisation.c(113): warning C4047: '=': 'FILE *' differs in levels of indirection from 'int'
c:\users\tetcos\desktop\v10.2\wsn localization\64bit\code\zigbee\localisation.c(126): warning C4018: '<': signed/unsigned mismatch
c:\users\tetcos\desktop\v10.2\wsn localization\64bit\code\zigbee\localisation.c(139): warning C4047: '=': 'SENSOR_DETAILS' differs in levels of indirection from 'SENSOR_DETAILS *'
c:\users\tetcos\desktop\v10.2\wsn localization\64bit\code\zigbee\localisation.c(140): warning C4018: '<': signed/unsigned mismatch
c:\users\tetcos\desktop\v10.2\wsn localization\64bit\code\zigbee\localisation.c(175): warning C4244: '=': conversion from 'double' to 'int', possible loss of data
c:\users\tetcos\desktop\v10.2\wsn localization\64bit\code\zigbee\localisation.c(186): warning C4133: '=': incompatible types - from 'SENSOR_DETAILS *' to 'ANCHOR_DETAILS *'
c:\users\tetcos\desktop\v10.2\wsn localization\64bit\code\zigbee\localisation.c(191): warning C4047: '=': 'ANCHOR_DETAILS' differs in levels of indirection from 'SENSOR_DETAILS *'
c:\users\tetcos\desktop\v10.2\wsn localization\64bit\code\zigbee\localisation.c(192): warning C4047: '=': 'ANCHOR_DETAILS' differs in levels of indirection from 'ANCHOR_DETAILS *'
c:\users\tetcos\desktop\v10.2\wsn localization\64bit\code\zigbee\localisation.c(194): warning C4047: 'function': 'int *' differs in levels of indirection from 'int'
c:\users\tetcos\desktop\v10.2\wsn localization\64bit\code\zigbee\localisation.c(194): warning C4024: 'get_device_id': different types for formal and actual parameter 1
c:\users\tetcos\desktop\v10.2\wsn localization\64bit\code\zigbee\localisation.c(230): warning C4018: '<': signed/unsigned mismatch
c:\users\tetcos\desktop\v10.2\wsn localization\64bit\code\zigbee\localisation.c(241): warning C4028: formal parameter 1 different from declaration
c:\users\tetcos\desktop\v10.2\wsn localization\64bit\code\zigbee\localisation.c(243): warning C4018: '<': signed/unsigned mismatch
  ChangeRadioState.c
  CCA.c
  BERCalculation.c
  BackoffCalculation.c
  AgentModel.c
  802_15_4.c
c:\users\tetcos\desktop\v10.2\wsn localization\64bit\code\zigbee\802_15_4.c(711): warning C4013: 'fn_NetSim_localisation' undefined; assuming extern returning int
  Generating Code...
c:\users\tetcos\desktop\v10.2\wsn localization\64bit\code\zigbee\localisation.c(250): warning C4715: 'get_device_id': not all control paths return a value
c:\users\tetcos\desktop\v10.2\wsn localization\64bit\code\zigbee\localisation.c(280): warning C4716: 'fn_NetSim_trilateration_method': must return a value
c:\users\tetcos\desktop\v10.2\wsn localization\64bit\code\zigbee\localisation.c(238): warning C4715: 'fn_NetSim_localisation': not all control paths return a value
C:\Program Files (x86)\MSBuild\Microsoft.Cpp\v4.0\V140\Microsoft.CppBuild.targets(1189,5): warning MSB8012: TargetPath(C:\Users\Tetcos\Desktop\v10.2\WSN LOCALIZATION\64bit\Code\ZigBee\..\Dll\ZigBee.dll) does not match the Linker's OutputFile property value (C:\Users\Tetcos\Desktop\v10.2\WSN LOCALIZATION\64bit\Code\Dll\libZigBee.dll). This may cause your project to build incorrectly. To correct this, please make sure that $(OutDir), $(TargetName) and $(TargetExt) property values match the value specified in %(Link.OutputFile).
C:\Program Files (x86)\MSBuild\Microsoft.Cpp\v4.0\V140\Microsoft.CppBuild.targets(1191,5): warning MSB8012: TargetName(ZigBee) does not match the Linker's OutputFile property value (libZigBee). This may cause your project to build incorrectly. To correct this, please make sure that $(OutDir), $(TargetName) and $(TargetExt) property values match the value specified in %(Link.OutputFile).
802_15_4.obj : warning LNK4075: ignoring '/EDITANDCONTINUE' due to '/OPT:LBR' specification
  Zigbee.lib(802_15_4_lib.obj) : MSIL .netmodule or module compiled with /GL found; restarting link with /LTCG; add /LTCG to the link command line to improve linker performance
802_15_4.obj : warning LNK4075: ignoring '/EDITANDCONTINUE' due to '/OPT:LBR' specification
     Creating library ..\Dll\ZigBee.lib and object ..\Dll\ZigBee.exp
LINK : warning LNK4098: defaultlib 'MSVCRT' conflicts with use of other libs; use /NODEFAULTLIB:library
  Generating code
  Finished generating code
Zigbee.lib(802_15_4_lib.obj) : warning LNK4099: PDB 'ZigbeeLib.pdb' was not found with 'Zigbee.lib(802_15_4_lib.obj)' or at 'C:\Users\Tetcos\Desktop\v10.2\WSN LOCALIZATION\64bit\Code\Dll\ZigbeeLib.pdb'; linking object as if no debug info
List.lib(List.obj) : warning LNK4099: PDB 'List.pdb' was not found with 'List.lib(List.obj)' or at 'C:\Users\Tetcos\Desktop\v10.2\WSN LOCALIZATION\64bit\Code\Dll\List.pdb'; linking object as if no debug info
  ZigBee.vcxproj -> C:\Users\Tetcos\Desktop\v10.2\WSN LOCALIZATION\64bit\Code\ZigBee\..\Dll\ZigBee.dll
  ZigBee.vcxproj -> ..\Dll\ZigBee.pdb (Full PDB)
